Performing C++ SOURCE FILE Test COMPILER_SUPPORTS_CXX11 failed with the following output:
Change Dir: /home/subhashis/programming/pythonWS/VisualizationProject/Cproject/createGrid/build/CMakeFiles/CMakeTmp

Run Build Command:/usr/bin/make "cmTryCompileExec/fast"
/usr/bin/make -f CMakeFiles/cmTryCompileExec.dir/build.make CMakeFiles/cmTryCompileExec.dir/build
make[1]: Entering directory `/home/subhashis/programming/pythonWS/VisualizationProject/Cproject/createGrid/build/CMakeFiles/CMakeTmp'
/usr/bin/cmake -E cmake_progress_report /home/subhashis/programming/pythonWS/VisualizationProject/Cproject/createGrid/build/CMakeFiles/CMakeTmp/CMakeFiles 1
Building CXX object CMakeFiles/cmTryCompileExec.dir/src.cxx.o
/usr/bin/c++    -Wno-deprecated  -DCOMPILER_SUPPORTS_CXX11   -std=c++11 -o CMakeFiles/cmTryCompileExec.dir/src.cxx.o -c /home/subhashis/programming/pythonWS/VisualizationProject/Cproject/createGrid/build/CMakeFiles/CMakeTmp/src.cxx
cc1plus: error: unrecognized command line option ‘-std=c++11’
make[1]: *** [CMakeFiles/cmTryCompileExec.dir/src.cxx.o] Error 1
make[1]: Leaving directory `/home/subhashis/programming/pythonWS/VisualizationProject/Cproject/createGrid/build/CMakeFiles/CMakeTmp'
make: *** [cmTryCompileExec/fast] Error 2

Source file was:
int main() { return 0;}
